

Started GET "/" for 127.0.0.1 at 2013-03-12 11:50:06 +0100

ActiveRecord::PendingMigrationError (Migrations are pending; run 'rake db:migrate RAILS_ENV=development' to resolve this issue.):
  activerecord (4.0.0.beta1) lib/active_record/migration.rb:357:in `check_pending!'
  activerecord (4.0.0.beta1) lib/active_record/migration.rb:346:in `block in call'
  activesupport (4.0.0.beta1) lib/active_support/logger_silence.rb:16:in `silence'
  activerecord (4.0.0.beta1) lib/active_record/migration.rb:345:in `call'
  actionpack (4.0.0.beta1) lib/action_dispatch/middleware/callbacks.rb:29:in `block in call'
  activesupport (4.0.0.beta1) lib/active_support/callbacks.rb:373:in `_run__2816800673876139348__call__callbacks'
  activesupport (4.0.0.beta1) lib/active_support/callbacks.rb:78:in `run_callbacks'
  actionpack (4.0.0.beta1) lib/action_dispatch/middleware/callbacks.rb:27:in `call'
  actionpack (4.0.0.beta1) lib/action_dispatch/middleware/reloader.rb:64:in `call'
  actionpack (4.0.0.beta1) lib/action_dispatch/middleware/remote_ip.rb:76:in `call'
  actionpack (4.0.0.beta1) lib/action_dispatch/middleware/debug_exceptions.rb:17:in `call'
  actionpack (4.0.0.beta1) lib/action_dispatch/middleware/show_exceptions.rb:30:in `call'
  railties (4.0.0.beta1) lib/rails/rack/logger.rb:38:in `call_app'
  railties (4.0.0.beta1) lib/rails/rack/logger.rb:21:in `block in call'
  activesupport (4.0.0.beta1) lib/active_support/tagged_logging.rb:67:in `block in tagged'
  activesupport (4.0.0.beta1) lib/active_support/tagged_logging.rb:25:in `tagged'
  activesupport (4.0.0.beta1) lib/active_support/tagged_logging.rb:67:in `tagged'
  railties (4.0.0.beta1) lib/rails/rack/logger.rb:21:in `call'
  actionpack (4.0.0.beta1) lib/action_dispatch/middleware/request_id.rb:21:in `call'
  rack (1.5.2) lib/rack/methodoverride.rb:21:in `call'
  rack (1.5.2) lib/rack/runtime.rb:17:in `call'
  activesupport (4.0.0.beta1) lib/active_support/cache/strategy/local_cache.rb:72:in `call'
  rack (1.5.2) lib/rack/lock.rb:17:in `call'
  actionpack (4.0.0.beta1) lib/action_dispatch/middleware/static.rb:64:in `call'
  railties (4.0.0.beta1) lib/rails/engine.rb:510:in `call'
  railties (4.0.0.beta1) lib/rails/application.rb:96:in `call'
  rack (1.5.2) lib/rack/lock.rb:17:in `call'
  rack (1.5.2) lib/rack/content_length.rb:14:in `call'
  rack (1.5.2) lib/rack/handler/webrick.rb:60:in `service'
  /Users/angelos/.rvm/rubies/ruby-1.9.3-p327/lib/ruby/1.9.1/webrick/httpserver.rb:138:in `service'
  /Users/angelos/.rvm/rubies/ruby-1.9.3-p327/lib/ruby/1.9.1/webrick/httpserver.rb:94:in `run'
  /Users/angelos/.rvm/rubies/ruby-1.9.3-p327/lib/ruby/1.9.1/webrick/server.rb:191:in `block in start_thread'


  Rendered /Users/angelos/.rvm/gems/ruby-1.9.3-p194/gems/actionpack-4.0.0.beta1/lib/action_dispatch/middleware/templates/rescues/_source.erb (0.8ms)
  Rendered /Users/angelos/.rvm/gems/ruby-1.9.3-p194/gems/actionpack-4.0.0.beta1/lib/action_dispatch/middleware/templates/rescues/_trace.erb (2.0ms)
  Rendered /Users/angelos/.rvm/gems/ruby-1.9.3-p194/gems/actionpack-4.0.0.beta1/lib/action_dispatch/middleware/templates/rescues/_request_and_response.erb (1.2ms)
  Rendered /Users/angelos/.rvm/gems/ruby-1.9.3-p194/gems/actionpack-4.0.0.beta1/lib/action_dispatch/middleware/templates/rescues/diagnostics.erb within rescues/layout (35.9ms)
  [1m[36m (3.6ms)[0m  [1mCREATE TABLE "schema_migrations" ("version" varchar(255) NOT NULL) [0m
  [1m[35m (3.0ms)[0m  CREATE UNIQUE INDEX "unique_schema_migrations" ON "schema_migrations" ("version")
  [1m[36mActiveRecord::SchemaMigration Load (0.1ms)[0m  [1mSELECT "schema_migrations".* FROM "schema_migrations"[0m
Migrating to CreateUsers (20130312103600)
  [1m[35m (0.1ms)[0m  begin transaction
  [1m[36m (0.5ms)[0m  [1mCREATE TABLE "users" ("id" INTEGER PRIMARY KEY AUTOINCREMENT NOT NULL, "first_name" varchar(255), "last_name" varchar(255), "created_at" datetime, "updated_at" datetime) [0m
  [1m[35mSQL (2.0ms)[0m  INSERT INTO "schema_migrations" ("version") VALUES (?)  [["version", "20130312103600"]]
  [1m[36m (3.6ms)[0m  [1mcommit transaction[0m
Migrating to CreateRoles (20130312103703)
  [1m[35m (0.1ms)[0m  begin transaction
  [1m[36m (0.4ms)[0m  [1mCREATE TABLE "roles" ("id" INTEGER PRIMARY KEY AUTOINCREMENT NOT NULL, "value" varchar(255), "created_at" datetime, "updated_at" datetime) [0m
  [1m[35mSQL (0.3ms)[0m  INSERT INTO "schema_migrations" ("version") VALUES (?)  [["version", "20130312103703"]]
  [1m[36m (2.7ms)[0m  [1mcommit transaction[0m
Migrating to CreateDealers (20130312104405)
  [1m[35m (0.1ms)[0m  begin transaction
  [1m[36m (0.5ms)[0m  [1mCREATE TABLE "dealers" ("id" INTEGER PRIMARY KEY AUTOINCREMENT NOT NULL, "name" varchar(255), "created_at" datetime, "updated_at" datetime) [0m
  [1m[35mSQL (0.3ms)[0m  INSERT INTO "schema_migrations" ("version") VALUES (?)  [["version", "20130312104405"]]
  [1m[36m (3.6ms)[0m  [1mcommit transaction[0m
  [1m[35mActiveRecord::SchemaMigration Load (0.1ms)[0m  SELECT "schema_migrations".* FROM "schema_migrations"


Started GET "/" for 127.0.0.1 at 2013-03-12 11:50:37 +0100
Processing by Rails::WelcomeController#index as HTML
  Rendered /Users/angelos/.rvm/gems/ruby-1.9.3-p194/gems/railties-4.0.0.beta1/lib/rails/templates/rails/welcome/index.html.erb (4.3ms)
Completed 200 OK in 20ms (Views: 19.6ms | ActiveRecord: 0.0ms)


Started GET "/assets/rails.png" for 127.0.0.1 at 2013-03-12 11:50:38 +0100
  [1m[36mUser Exists (0.2ms)[0m  [1mSELECT 1 AS one FROM "users" LIMIT 1[0m
  [1m[35mUser Exists (0.2ms)[0m  SELECT 1 AS one FROM "users" LIMIT 1
  [1m[36m (0.1ms)[0m  [1mSELECT COUNT(*) FROM "users"[0m
  [1m[35m (0.2ms)[0m  SELECT COUNT(*) FROM "users"


Started GET "/roles" for 127.0.0.1 at 2013-03-12 16:43:06 +0100
Processing by RolesController#index as HTML
  [1m[36mRole Load (16.0ms)[0m  [1mSELECT "roles".* FROM "roles"[0m
  Rendered roles/index.html.erb within layouts/application (35.8ms)
Completed 200 OK in 1648ms (Views: 1627.2ms | ActiveRecord: 16.8ms)


Started GET "/assets/application.css?body=1" for 127.0.0.1 at 2013-03-12 16:43:08 +0100


Started GET "/assets/turbolinks.js?body=1" for 127.0.0.1 at 2013-03-12 16:43:08 +0100


Started GET "/assets/dealers.css?body=1" for 127.0.0.1 at 2013-03-12 16:43:08 +0100


Started GET "/assets/dealers.js?body=1" for 127.0.0.1 at 2013-03-12 16:43:08 +0100


Started GET "/assets/scaffolds.css?body=1" for 127.0.0.1 at 2013-03-12 16:43:08 +0100


Started GET "/assets/dealers.js?body=1" for 127.0.0.1 at 2013-03-12 16:43:08 +0100


Started GET "/assets/application.js?body=1" for 127.0.0.1 at 2013-03-12 16:43:08 +0100


Started GET "/assets/users.css?body=1" for 127.0.0.1 at 2013-03-12 16:43:08 +0100


Started GET "/assets/roles.css?body=1" for 127.0.0.1 at 2013-03-12 16:43:08 +0100


Started GET "/assets/users.js?body=1" for 127.0.0.1 at 2013-03-12 16:43:08 +0100


Started GET "/assets/jquery.js?body=1" for 127.0.0.1 at 2013-03-12 16:43:08 +0100


Started GET "/assets/jquery_ujs.js?body=1" for 127.0.0.1 at 2013-03-12 16:43:08 +0100


Started GET "/assets/roles.js?body=1" for 127.0.0.1 at 2013-03-12 16:43:08 +0100


Started GET "/assets/roles.js?body=1" for 127.0.0.1 at 2013-03-12 16:43:08 +0100


Started GET "/assets/jquery.js?body=1" for 127.0.0.1 at 2013-03-12 16:43:08 +0100


Started GET "/user" for 127.0.0.1 at 2013-03-12 16:43:14 +0100

ActionController::RoutingError (No route matches [GET] "/user"):
  actionpack (4.0.0.beta1) lib/action_dispatch/middleware/debug_exceptions.rb:21:in `call'
  actionpack (4.0.0.beta1) lib/action_dispatch/middleware/show_exceptions.rb:30:in `call'
  railties (4.0.0.beta1) lib/rails/rack/logger.rb:38:in `call_app'
  railties (4.0.0.beta1) lib/rails/rack/logger.rb:21:in `block in call'
  activesupport (4.0.0.beta1) lib/active_support/tagged_logging.rb:67:in `block in tagged'
  activesupport (4.0.0.beta1) lib/active_support/tagged_logging.rb:25:in `tagged'
  activesupport (4.0.0.beta1) lib/active_support/tagged_logging.rb:67:in `tagged'
  railties (4.0.0.beta1) lib/rails/rack/logger.rb:21:in `call'
  actionpack (4.0.0.beta1) lib/action_dispatch/middleware/request_id.rb:21:in `call'
  rack (1.5.2) lib/rack/methodoverride.rb:21:in `call'
  rack (1.5.2) lib/rack/runtime.rb:17:in `call'
  activesupport (4.0.0.beta1) lib/active_support/cache/strategy/local_cache.rb:72:in `call'
  rack (1.5.2) lib/rack/lock.rb:17:in `call'
  actionpack (4.0.0.beta1) lib/action_dispatch/middleware/static.rb:64:in `call'
  railties (4.0.0.beta1) lib/rails/engine.rb:510:in `call'
  railties (4.0.0.beta1) lib/rails/application.rb:96:in `call'
  rack (1.5.2) lib/rack/lock.rb:17:in `call'
  rack (1.5.2) lib/rack/content_length.rb:14:in `call'
  rack (1.5.2) lib/rack/handler/webrick.rb:60:in `service'
  /Users/angelos/.rvm/rubies/ruby-1.9.3-p327/lib/ruby/1.9.1/webrick/httpserver.rb:138:in `service'
  /Users/angelos/.rvm/rubies/ruby-1.9.3-p327/lib/ruby/1.9.1/webrick/httpserver.rb:94:in `run'
  /Users/angelos/.rvm/rubies/ruby-1.9.3-p327/lib/ruby/1.9.1/webrick/server.rb:191:in `block in start_thread'


  Rendered /Users/angelos/.rvm/gems/ruby-1.9.3-p194/gems/actionpack-4.0.0.beta1/lib/action_dispatch/middleware/templates/rescues/_trace.erb (1.4ms)
  Rendered /Users/angelos/.rvm/gems/ruby-1.9.3-p194/gems/actionpack-4.0.0.beta1/lib/action_dispatch/middleware/templates/routes/_route.html.erb (2.7ms)
  Rendered /Users/angelos/.rvm/gems/ruby-1.9.3-p194/gems/actionpack-4.0.0.beta1/lib/action_dispatch/middleware/templates/routes/_table.html.erb (44.4ms)
  Rendered /Users/angelos/.rvm/gems/ruby-1.9.3-p194/gems/actionpack-4.0.0.beta1/lib/action_dispatch/middleware/templates/rescues/routing_error.erb within rescues/layout (125.7ms)


Started GET "/users" for 127.0.0.1 at 2013-03-12 16:43:17 +0100
Processing by UsersController#index as HTML
  [1m[35mUser Load (0.1ms)[0m  SELECT "users".* FROM "users"
  Rendered users/index.html.erb within layouts/application (2.3ms)
Completed 200 OK in 14ms (Views: 10.4ms | ActiveRecord: 0.4ms)


Started GET "/assets/users.css?body=1" for 127.0.0.1 at 2013-03-12 16:43:17 +0100


Started GET "/assets/roles.css?body=1" for 127.0.0.1 at 2013-03-12 16:43:17 +0100


Started GET "/assets/dealers.css?body=1" for 127.0.0.1 at 2013-03-12 16:43:17 +0100


Started GET "/dealers" for 127.0.0.1 at 2013-03-12 16:43:21 +0100
Processing by DealersController#index as HTML
  [1m[36mDealer Load (0.1ms)[0m  [1mSELECT "dealers".* FROM "dealers"[0m
  Rendered dealers/index.html.erb within layouts/application (3.9ms)
Completed 200 OK in 74ms (Views: 13.9ms | ActiveRecord: 0.5ms)


Started GET "/assets/dealers.css?body=1" for 127.0.0.1 at 2013-03-12 16:43:21 +0100


Started GET "/assets/users.css?body=1" for 127.0.0.1 at 2013-03-12 16:43:21 +0100


Started GET "/assets/roles.css?body=1" for 127.0.0.1 at 2013-03-12 16:43:21 +0100
  [1m[36mActiveRecord::SchemaMigration Load (0.1ms)[0m  [1mSELECT "schema_migrations".* FROM "schema_migrations"[0m
Migrating to CreateUsersDealersTrimodelJoinTable (20130312174238)
  [1m[35m (0.1ms)[0m  begin transaction
  [1m[36m (0.1ms)[0m  [1mrollback transaction[0m
  [1m[36mActiveRecord::SchemaMigration Load (0.1ms)[0m  [1mSELECT "schema_migrations".* FROM "schema_migrations"[0m
Migrating to CreateUsersDealersTrimodelJoinTable (20130312174454)
  [1m[35m (0.1ms)[0m  begin transaction
  [1m[36m (0.1ms)[0m  [1mrollback transaction[0m
  [1m[36mActiveRecord::SchemaMigration Load (0.2ms)[0m  [1mSELECT "schema_migrations".* FROM "schema_migrations"[0m
Migrating to CreateUsersDealersTrimodelJoinTable (20130312174617)
  [1m[35m (0.1ms)[0m  begin transaction
  [1m[36m (0.1ms)[0m  [1mrollback transaction[0m
  [1m[36mActiveRecord::SchemaMigration Load (0.1ms)[0m  [1mSELECT "schema_migrations".* FROM "schema_migrations"[0m
Migrating to CreateUsersDealersTrimodelJoinTable (20130312174748)
  [1m[35m (0.1ms)[0m  begin transaction
  [1m[36m (0.1ms)[0m  [1mrollback transaction[0m
  [1m[36mActiveRecord::SchemaMigration Load (0.1ms)[0m  [1mSELECT "schema_migrations".* FROM "schema_migrations"[0m
Migrating to CreateUsersDealersTrimodelJoinTable (20130312174853)
  [1m[35m (0.1ms)[0m  begin transaction
  [1m[36m (0.1ms)[0m  [1mrollback transaction[0m
  [1m[36mActiveRecord::SchemaMigration Load (0.1ms)[0m  [1mSELECT "schema_migrations".* FROM "schema_migrations"[0m
Migrating to CreateUsersDealersTrimodelJoinTable (20130312175721)
  [1m[35m (0.1ms)[0m  begin transaction
  [1m[36m (0.6ms)[0m  [1mCREATE TABLE "users_dealers" ("user_id" integer, "dealer_id" integer) [0m
  [1m[35mSQL (2.1ms)[0m  INSERT INTO "schema_migrations" ("version") VALUES (?)  [["version", "20130312175721"]]
  [1m[36m (25.9ms)[0m  [1mcommit transaction[0m
Migrating to CreateDealersRolesTrimodelJoinTable (20130312175722)
  [1m[35m (0.2ms)[0m  begin transaction
  [1m[36m (0.5ms)[0m  [1mCREATE TABLE "dealers_roles" ("dealer_id" integer, "role_id" integer) [0m
  [1m[35mSQL (0.5ms)[0m  INSERT INTO "schema_migrations" ("version") VALUES (?)  [["version", "20130312175722"]]
  [1m[36m (3.5ms)[0m  [1mcommit transaction[0m
  [1m[35mActiveRecord::SchemaMigration Load (0.1ms)[0m  SELECT "schema_migrations".* FROM "schema_migrations"
